<?xml version="1.0" encoding="UTF-8"?>
<!-- Generated by org.testng.reporters.JUnitXMLReporter -->
<testsuite ignored="1" hostname="LANKARA" failures="0" tests="1" name="Default test" time="6.777" errors="0" timestamp="2025-06-10T20:16:09 IST">
  <testcase classname="com.sevenrmartsupermarket.tests.AdminUsersMoreInfoPageTest" name="verifyNewUserCreation" time="2.179"/>
  <testcase classname="com.sevenrmartsupermarket.tests.AdminUsersMoreInfoPageTest" name="VerifyBackgroundColor" time="0.0">
    <ignored/>
  </testcase> <!-- VerifyBackgroundColor -->
</testsuite> <!-- Default test -->
