<?xml version="1.0" encoding="UTF-8"?>
<!-- Generated by org.testng.reporters.JUnitXMLReporter -->
<testsuite ignored="2" hostname="LANKARA" failures="0" tests="4" name="Running Group Specific Test Cases" time="13.754" errors="0" timestamp="2025-06-03T21:16:21 IST">
  <testcase classname="com.sevenrmartsupermarket.tests.LoginTest" name="testLogin" time="0.369"/>
  <testcase classname="com.sevenrmartsupermarket.tests.LoginTest" name="testLogin" time="0.392"/>
  <testcase classname="com.sevenrmartsupermarket.tests.LoginTest" name="testLogin" time="0.598"/>
  <testcase classname="com.sevenrmartsupermarket.tests.LoginTest" name="verifyValidLogin" time="3.295"/>
  <testcase classname="com.sevenrmartsupermarket.tests.AdminUsersMoreInfoPageTest" name="VerifyBackgroundColor" time="0.0">
    <ignored/>
  </testcase> <!-- VerifyBackgroundColor -->
  <testcase classname="com.sevenrmartsupermarket.tests.DashBoardTest" name="verifyDashboardIsDisplayedAfterLogin" time="0.0">
    <ignored/>
  </testcase> <!-- verifyDashboardIsDisplayedAfterLogin -->
</testsuite> <!-- Running Group Specific Test Cases -->
