<?xml version="1.0" encoding="UTF-8"?>
<testng-results ignored="0" total="1" passed="1" failed="0" skipped="0">
  <reporter-output>
  </reporter-output>
  <suite started-at="2025-06-10T20:16:02 IST" name="Default suite" finished-at="2025-06-10T20:16:09 IST" duration-ms="6777">
    <groups>
    </groups>
    <test started-at="2025-06-10T20:16:02 IST" name="Default test" finished-at="2025-06-10T20:16:09 IST" duration-ms="6777">
      <class name="com.sevenrmartsupermarket.tests.AdminUsersMoreInfoPageTest">
        <test-method is-config="true" signature="launchBrowser()[pri:0, instance:com.sevenrmartsupermarket.tests.AdminUsersMoreInfoPageTest@5b218417]" started-at="2025-06-10T20:16:02 IST" name="launchBrowser" finished-at="2025-06-10T20:16:06 IST" duration-ms="4542" status="PASS">
          <reporter-output>
          </reporter-output>
        </test-method> <!-- launchBrowser -->
        <test-method signature="verifyNewUserCreation()[pri:0, instance:com.sevenrmartsupermarket.tests.AdminUsersMoreInfoPageTest@5b218417]" started-at="2025-06-10T20:16:06 IST" name="verifyNewUserCreation" finished-at="2025-06-10T20:16:09 IST" duration-ms="2179" status="PASS">
          <reporter-output>
          </reporter-output>
        </test-method> <!-- verifyNewUserCreation -->
        <test-method is-config="true" signature="terminateBrowser(org.testng.ITestResult)[pri:0, instance:com.sevenrmartsupermarket.tests.AdminUsersMoreInfoPageTest@5b218417]" started-at="2025-06-10T20:16:09 IST" name="terminateBrowser" finished-at="2025-06-10T20:16:09 IST" duration-ms="2" status="PASS">
          <params>
            <param index="0">
              <value>
                <![CDATA[[TestResult name=verifyNewUserCreation status=SUCCESS method=AdminUsersMoreInfoPageTest.verifyNewUserCreation()[pri:0, instance:com.sevenrmartsupermarket.tests.AdminUsersMoreInfoPageTest@5b218417] output={null}]]]>
              </value>
            </param>
          </params>
          <reporter-output>
          </reporter-output>
        </test-method> <!-- terminateBrowser -->
      </class> <!-- com.sevenrmartsupermarket.tests.AdminUsersMoreInfoPageTest -->
    </test> <!-- Default test -->
  </suite> <!-- Default suite -->
</testng-results>
